2023.11.15 10:09:16 INFO  Started: Metals version 1.1.0+55-213e575e-SNAPSHOT in folders '/Users/michaelyau/HMRC/ddce_ls/mods-repos/merchandise-in-baggage' for client Visual Studio Code 1.84.2.
2023.11.15 10:09:17 WARN  Build server is not auto-connectable.
2023.11.15 10:09:39 WARN  no build target for: /Users/michaelyau/HMRC/ddce_ls/mods-repos/merchandise-in-baggage/app/uk/gov/hmrc/merchandiseinbaggage/controllers/CalculationController.scala
2023.11.15 10:09:43 INFO  no build target found for /Users/michaelyau/HMRC/ddce_ls/mods-repos/merchandise-in-baggage/app/uk/gov/hmrc/merchandiseinbaggage/controllers/CalculationController.scala. Using presentation compiler with project's scala-library version: 3.3.1
2023.11.15 10:09:46 WARN  no build target for: /Users/michaelyau/HMRC/ddce_ls/mods-repos/merchandise-in-baggage/app/uk/gov/hmrc/merchandiseinbaggage/service/CalculationService.scala
2023.11.15 10:09:46 INFO  time: code lens generation in 6.48s
2023.11.15 10:09:54 WARN  no build target for: /Users/michaelyau/HMRC/ddce_ls/mods-repos/merchandise-in-baggage/app/uk/gov/hmrc/merchandiseinbaggage/service/CalculationService.scala
2023.11.15 10:10:00 WARN  no build target for: /Users/michaelyau/HMRC/ddce_ls/mods-repos/merchandise-in-baggage/app/uk/gov/hmrc/merchandiseinbaggage/service/CalculationService.scala
2023.11.15 10:15:14 WARN  no build target for: /Users/michaelyau/HMRC/ddce_ls/mods-repos/merchandise-in-baggage/app/uk/gov/hmrc/merchandiseinbaggage/service/CalculationService.scala
2023.11.15 10:15:17 WARN  no build target for: /Users/michaelyau/HMRC/ddce_ls/mods-repos/merchandise-in-baggage/app/uk/gov/hmrc/merchandiseinbaggage/service/CalculationService.scala
2023.11.15 10:15:18 WARN  no build target for: /Users/michaelyau/HMRC/ddce_ls/mods-repos/merchandise-in-baggage/app/uk/gov/hmrc/merchandiseinbaggage/service/CalculationService.scala
2023.11.15 10:15:20 WARN  no build target for: /Users/michaelyau/HMRC/ddce_ls/mods-repos/merchandise-in-baggage/app/uk/gov/hmrc/merchandiseinbaggage/service/CalculationService.scala
2023.11.15 10:15:30 WARN  no build target for: /Users/michaelyau/HMRC/ddce_ls/mods-repos/merchandise-in-baggage/app/uk/gov/hmrc/merchandiseinbaggage/service/CalculationService.scala
2023.11.15 10:15:34 WARN  no build target for: /Users/michaelyau/HMRC/ddce_ls/mods-repos/merchandise-in-baggage/app/uk/gov/hmrc/merchandiseinbaggage/service/CalculationService.scala
2023.11.15 10:15:36 WARN  no build target for: /Users/michaelyau/HMRC/ddce_ls/mods-repos/merchandise-in-baggage/app/uk/gov/hmrc/merchandiseinbaggage/service/CalculationService.scala
2023.11.15 10:15:37 WARN  no build target for: /Users/michaelyau/HMRC/ddce_ls/mods-repos/merchandise-in-baggage/app/uk/gov/hmrc/merchandiseinbaggage/service/CalculationService.scala
2023.11.15 10:15:40 WARN  no build target for: /Users/michaelyau/HMRC/ddce_ls/mods-repos/merchandise-in-baggage/app/uk/gov/hmrc/merchandiseinbaggage/service/CalculationService.scala
2023.11.15 10:15:42 WARN  no build target for: /Users/michaelyau/HMRC/ddce_ls/mods-repos/merchandise-in-baggage/app/uk/gov/hmrc/merchandiseinbaggage/service/CalculationService.scala
2023.11.15 10:16:03 WARN  no build target for: /Users/michaelyau/HMRC/ddce_ls/mods-repos/merchandise-in-baggage/app/uk/gov/hmrc/merchandiseinbaggage/service/CalculationService.scala
2023.11.15 10:16:05 WARN  no build target for: /Users/michaelyau/HMRC/ddce_ls/mods-repos/merchandise-in-baggage/app/uk/gov/hmrc/merchandiseinbaggage/service/CalculationService.scala
2023.11.15 10:16:54 WARN  no build target for: /Users/michaelyau/HMRC/ddce_ls/mods-repos/merchandise-in-baggage/app/uk/gov/hmrc/merchandiseinbaggage/service/CalculationService.scala
2023.11.15 10:16:57 WARN  no build target for: /Users/michaelyau/HMRC/ddce_ls/mods-repos/merchandise-in-baggage/app/uk/gov/hmrc/merchandiseinbaggage/service/CalculationService.scala
2023.11.15 10:20:09 WARN  no build target for: /Users/michaelyau/HMRC/ddce_ls/mods-repos/merchandise-in-baggage/app/uk/gov/hmrc/merchandiseinbaggage/service/CalculationService.scala
2023.11.15 10:20:40 WARN  no build target for: /Users/michaelyau/HMRC/ddce_ls/mods-repos/merchandise-in-baggage/app/uk/gov/hmrc/merchandiseinbaggage/service/CalculationService.scala
2023.11.15 10:20:57 WARN  no build target for: /Users/michaelyau/HMRC/ddce_ls/mods-repos/merchandise-in-baggage/app/uk/gov/hmrc/merchandiseinbaggage/service/CalculationService.scala
2023.11.15 10:20:58 WARN  no build target for: /Users/michaelyau/HMRC/ddce_ls/mods-repos/merchandise-in-baggage/app/uk/gov/hmrc/merchandiseinbaggage/service/CalculationService.scala
2023.11.15 10:21:01 WARN  no build target for: /Users/michaelyau/HMRC/ddce_ls/mods-repos/merchandise-in-baggage/app/uk/gov/hmrc/merchandiseinbaggage/service/CalculationService.scala
2023.11.15 10:21:03 WARN  no build target for: /Users/michaelyau/HMRC/ddce_ls/mods-repos/merchandise-in-baggage/app/uk/gov/hmrc/merchandiseinbaggage/service/CalculationService.scala
2023.11.15 10:21:13 WARN  no build target for: /Users/michaelyau/HMRC/ddce_ls/mods-repos/merchandise-in-baggage/app/uk/gov/hmrc/merchandiseinbaggage/service/CalculationService.scala
2023.11.15 10:21:15 WARN  no build target for: /Users/michaelyau/HMRC/ddce_ls/mods-repos/merchandise-in-baggage/app/uk/gov/hmrc/merchandiseinbaggage/service/CalculationService.scala
2023.11.15 10:21:18 WARN  no build target for: /Users/michaelyau/HMRC/ddce_ls/mods-repos/merchandise-in-baggage/app/uk/gov/hmrc/merchandiseinbaggage/service/CalculationService.scala
2023.11.15 10:21:21 WARN  no build target for: /Users/michaelyau/HMRC/ddce_ls/mods-repos/merchandise-in-baggage/app/uk/gov/hmrc/merchandiseinbaggage/service/CalculationService.scala
2023.11.15 10:21:23 WARN  no build target for: /Users/michaelyau/HMRC/ddce_ls/mods-repos/merchandise-in-baggage/app/uk/gov/hmrc/merchandiseinbaggage/service/CalculationService.scala
2023.11.15 10:21:25 WARN  no build target for: /Users/michaelyau/HMRC/ddce_ls/mods-repos/merchandise-in-baggage/app/uk/gov/hmrc/merchandiseinbaggage/service/CalculationService.scala
2023.11.15 10:21:26 WARN  no build target for: /Users/michaelyau/HMRC/ddce_ls/mods-repos/merchandise-in-baggage/app/uk/gov/hmrc/merchandiseinbaggage/service/CalculationService.scala
2023.11.15 10:21:29 WARN  no build target for: /Users/michaelyau/HMRC/ddce_ls/mods-repos/merchandise-in-baggage/app/uk/gov/hmrc/merchandiseinbaggage/service/CalculationService.scala
2023.11.15 10:21:37 WARN  no build target for: /Users/michaelyau/HMRC/ddce_ls/mods-repos/merchandise-in-baggage/app/uk/gov/hmrc/merchandiseinbaggage/service/CalculationService.scala
2023.11.15 10:21:39 WARN  no build target for: /Users/michaelyau/HMRC/ddce_ls/mods-repos/merchandise-in-baggage/app/uk/gov/hmrc/merchandiseinbaggage/service/CalculationService.scala
2023.11.15 10:21:41 WARN  no build target for: /Users/michaelyau/HMRC/ddce_ls/mods-repos/merchandise-in-baggage/app/uk/gov/hmrc/merchandiseinbaggage/service/CalculationService.scala
2023.11.15 10:21:42 WARN  no build target for: /Users/michaelyau/HMRC/ddce_ls/mods-repos/merchandise-in-baggage/app/uk/gov/hmrc/merchandiseinbaggage/service/CalculationService.scala
2023.11.15 10:21:45 WARN  no build target for: /Users/michaelyau/HMRC/ddce_ls/mods-repos/merchandise-in-baggage/app/uk/gov/hmrc/merchandiseinbaggage/service/CalculationService.scala
2023.11.15 10:21:50 WARN  no build target for: /Users/michaelyau/HMRC/ddce_ls/mods-repos/merchandise-in-baggage/app/uk/gov/hmrc/merchandiseinbaggage/service/CalculationService.scala
2023.11.15 10:21:52 WARN  no build target for: /Users/michaelyau/HMRC/ddce_ls/mods-repos/merchandise-in-baggage/app/uk/gov/hmrc/merchandiseinbaggage/service/CalculationService.scala
2023.11.15 10:21:57 WARN  no build target for: /Users/michaelyau/HMRC/ddce_ls/mods-repos/merchandise-in-baggage/app/uk/gov/hmrc/merchandiseinbaggage/service/CalculationService.scala
2023.11.15 10:22:00 WARN  no build target for: /Users/michaelyau/HMRC/ddce_ls/mods-repos/merchandise-in-baggage/app/uk/gov/hmrc/merchandiseinbaggage/service/CalculationService.scala
2023.11.15 10:22:05 WARN  no build target for: /Users/michaelyau/HMRC/ddce_ls/mods-repos/merchandise-in-baggage/app/uk/gov/hmrc/merchandiseinbaggage/service/CalculationService.scala
2023.11.15 10:22:07 WARN  no build target for: /Users/michaelyau/HMRC/ddce_ls/mods-repos/merchandise-in-baggage/app/uk/gov/hmrc/merchandiseinbaggage/service/CalculationService.scala
2023.11.15 10:22:07 WARN  no build target for: /Users/michaelyau/HMRC/ddce_ls/mods-repos/merchandise-in-baggage/app/uk/gov/hmrc/merchandiseinbaggage/service/CalculationService.scala
2023.11.15 10:22:25 WARN  no build target for: /Users/michaelyau/HMRC/ddce_ls/mods-repos/merchandise-in-baggage/app/uk/gov/hmrc/merchandiseinbaggage/model/api/calculation/ThresholdCheck.scala
2023.11.15 10:22:29 WARN  no build target for: /Users/michaelyau/HMRC/ddce_ls/mods-repos/merchandise-in-baggage/app/uk/gov/hmrc/merchandiseinbaggage/model/api/calculation/ThresholdCheck.scala
Nov 15, 2023 10:22:30 AM org.eclipse.lsp4j.jsonrpc.RemoteEndpoint handleCancellation
WARNING: Unmatched cancel notification for request id 662
2023.11.15 10:22:34 WARN  no build target for: /Users/michaelyau/HMRC/ddce_ls/mods-repos/merchandise-in-baggage/app/uk/gov/hmrc/merchandiseinbaggage/model/api/calculation/ThresholdCheck.scala
2023.11.15 10:22:40 WARN  no build target for: /Users/michaelyau/HMRC/ddce_ls/mods-repos/merchandise-in-baggage/app/uk/gov/hmrc/merchandiseinbaggage/model/api/calculation/ThresholdCheck.scala
2023.11.15 10:22:42 WARN  no build target for: /Users/michaelyau/HMRC/ddce_ls/mods-repos/merchandise-in-baggage/app/uk/gov/hmrc/merchandiseinbaggage/model/api/calculation/ThresholdCheck.scala
2023.11.15 10:22:43 WARN  no build target for: /Users/michaelyau/HMRC/ddce_ls/mods-repos/merchandise-in-baggage/app/uk/gov/hmrc/merchandiseinbaggage/model/api/calculation/ThresholdCheck.scala
2023.11.15 10:22:45 WARN  no build target for: /Users/michaelyau/HMRC/ddce_ls/mods-repos/merchandise-in-baggage/app/uk/gov/hmrc/merchandiseinbaggage/model/api/calculation/ThresholdCheck.scala
2023.11.15 10:22:47 WARN  no build target for: /Users/michaelyau/HMRC/ddce_ls/mods-repos/merchandise-in-baggage/app/uk/gov/hmrc/merchandiseinbaggage/model/api/calculation/ThresholdCheck.scala
2023.11.15 10:22:48 WARN  no build target for: /Users/michaelyau/HMRC/ddce_ls/mods-repos/merchandise-in-baggage/app/uk/gov/hmrc/merchandiseinbaggage/model/api/calculation/ThresholdCheck.scala
2023.11.15 10:22:54 WARN  no build target for: /Users/michaelyau/HMRC/ddce_ls/mods-repos/merchandise-in-baggage/app/uk/gov/hmrc/merchandiseinbaggage/service/CalculationService.scala
2023.11.15 10:22:56 WARN  no build target for: /Users/michaelyau/HMRC/ddce_ls/mods-repos/merchandise-in-baggage/app/uk/gov/hmrc/merchandiseinbaggage/service/CalculationService.scala
2023.11.15 10:23:22 WARN  no build target for: /Users/michaelyau/HMRC/ddce_ls/mods-repos/merchandise-in-baggage/app/uk/gov/hmrc/merchandiseinbaggage/service/CalculationService.scala
2023.11.15 10:23:24 WARN  no build target for: /Users/michaelyau/HMRC/ddce_ls/mods-repos/merchandise-in-baggage/app/uk/gov/hmrc/merchandiseinbaggage/service/CalculationService.scala
2023.11.15 10:23:33 WARN  no build target for: /Users/michaelyau/HMRC/ddce_ls/mods-repos/merchandise-in-baggage/app/uk/gov/hmrc/merchandiseinbaggage/service/CalculationService.scala
2023.11.15 10:23:41 WARN  no build target for: /Users/michaelyau/HMRC/ddce_ls/mods-repos/merchandise-in-baggage/app/uk/gov/hmrc/merchandiseinbaggage/service/CalculationService.scala
2023.11.15 10:23:47 WARN  no build target for: /Users/michaelyau/HMRC/ddce_ls/mods-repos/merchandise-in-baggage/app/uk/gov/hmrc/merchandiseinbaggage/service/CalculationService.scala
2023.11.15 10:23:52 WARN  no build target for: /Users/michaelyau/HMRC/ddce_ls/mods-repos/merchandise-in-baggage/app/uk/gov/hmrc/merchandiseinbaggage/service/CalculationService.scala
2023.11.15 10:23:54 WARN  no build target for: /Users/michaelyau/HMRC/ddce_ls/mods-repos/merchandise-in-baggage/app/uk/gov/hmrc/merchandiseinbaggage/service/CalculationService.scala
2023.11.15 10:23:56 WARN  no build target for: /Users/michaelyau/HMRC/ddce_ls/mods-repos/merchandise-in-baggage/app/uk/gov/hmrc/merchandiseinbaggage/service/CalculationService.scala
2023.11.15 10:23:58 WARN  no build target for: /Users/michaelyau/HMRC/ddce_ls/mods-repos/merchandise-in-baggage/app/uk/gov/hmrc/merchandiseinbaggage/service/CalculationService.scala
2023.11.15 10:23:59 WARN  no build target for: /Users/michaelyau/HMRC/ddce_ls/mods-repos/merchandise-in-baggage/app/uk/gov/hmrc/merchandiseinbaggage/service/CalculationService.scala
2023.11.15 10:26:34 WARN  Using indexes to guess the definition of AtThreshold
2023.11.15 10:37:02 WARN  no build target for: /Users/michaelyau/HMRC/ddce_ls/mods-repos/merchandise-in-baggage/app/uk/gov/hmrc/merchandiseinbaggage/service/CalculationService.scala
2023.11.15 10:37:05 WARN  no build target for: /Users/michaelyau/HMRC/ddce_ls/mods-repos/merchandise-in-baggage/app/uk/gov/hmrc/merchandiseinbaggage/service/CalculationService.scala
2023.11.15 10:37:08 WARN  no build target for: /Users/michaelyau/HMRC/ddce_ls/mods-repos/merchandise-in-baggage/app/uk/gov/hmrc/merchandiseinbaggage/service/CalculationService.scala
2023.11.15 10:37:10 WARN  no build target for: /Users/michaelyau/HMRC/ddce_ls/mods-repos/merchandise-in-baggage/app/uk/gov/hmrc/merchandiseinbaggage/service/CalculationService.scala
2023.11.15 10:37:12 WARN  no build target for: /Users/michaelyau/HMRC/ddce_ls/mods-repos/merchandise-in-baggage/app/uk/gov/hmrc/merchandiseinbaggage/service/CalculationService.scala
2023.11.15 10:37:14 WARN  no build target for: /Users/michaelyau/HMRC/ddce_ls/mods-repos/merchandise-in-baggage/app/uk/gov/hmrc/merchandiseinbaggage/service/CalculationService.scala
2023.11.15 10:37:19 WARN  no build target for: /Users/michaelyau/HMRC/ddce_ls/mods-repos/merchandise-in-baggage/app/uk/gov/hmrc/merchandiseinbaggage/service/CalculationService.scala
2023.11.15 10:37:26 WARN  no build target for: /Users/michaelyau/HMRC/ddce_ls/mods-repos/merchandise-in-baggage/app/uk/gov/hmrc/merchandiseinbaggage/service/CalculationService.scala
2023.11.15 10:37:29 WARN  no build target for: /Users/michaelyau/HMRC/ddce_ls/mods-repos/merchandise-in-baggage/app/uk/gov/hmrc/merchandiseinbaggage/service/CalculationService.scala
2023.11.15 10:37:34 WARN  no build target for: /Users/michaelyau/HMRC/ddce_ls/mods-repos/merchandise-in-baggage/app/uk/gov/hmrc/merchandiseinbaggage/service/CalculationService.scala
2023.11.15 10:37:35 WARN  no build target for: /Users/michaelyau/HMRC/ddce_ls/mods-repos/merchandise-in-baggage/app/uk/gov/hmrc/merchandiseinbaggage/service/CalculationService.scala
2023.11.15 10:37:37 WARN  no build target for: /Users/michaelyau/HMRC/ddce_ls/mods-repos/merchandise-in-baggage/app/uk/gov/hmrc/merchandiseinbaggage/service/CalculationService.scala
2023.11.15 10:37:38 WARN  no build target for: /Users/michaelyau/HMRC/ddce_ls/mods-repos/merchandise-in-baggage/app/uk/gov/hmrc/merchandiseinbaggage/service/CalculationService.scala
2023.11.15 10:37:42 WARN  no build target for: /Users/michaelyau/HMRC/ddce_ls/mods-repos/merchandise-in-baggage/app/uk/gov/hmrc/merchandiseinbaggage/service/CalculationService.scala
2023.11.15 10:37:48 WARN  no build target for: /Users/michaelyau/HMRC/ddce_ls/mods-repos/merchandise-in-baggage/app/uk/gov/hmrc/merchandiseinbaggage/service/CalculationService.scala
2023.11.15 10:37:57 WARN  no build target for: /Users/michaelyau/HMRC/ddce_ls/mods-repos/merchandise-in-baggage/app/uk/gov/hmrc/merchandiseinbaggage/service/CalculationService.scala
2023.11.15 10:37:59 WARN  no build target for: /Users/michaelyau/HMRC/ddce_ls/mods-repos/merchandise-in-baggage/app/uk/gov/hmrc/merchandiseinbaggage/service/CalculationService.scala
2023.11.15 10:38:00 WARN  no build target for: /Users/michaelyau/HMRC/ddce_ls/mods-repos/merchandise-in-baggage/app/uk/gov/hmrc/merchandiseinbaggage/service/CalculationService.scala
2023.11.15 10:38:02 WARN  no build target for: /Users/michaelyau/HMRC/ddce_ls/mods-repos/merchandise-in-baggage/app/uk/gov/hmrc/merchandiseinbaggage/service/CalculationService.scala
2023.11.15 10:38:05 WARN  no build target for: /Users/michaelyau/HMRC/ddce_ls/mods-repos/merchandise-in-baggage/app/uk/gov/hmrc/merchandiseinbaggage/service/CalculationService.scala
2023.11.15 10:38:13 WARN  no build target for: /Users/michaelyau/HMRC/ddce_ls/mods-repos/merchandise-in-baggage/app/uk/gov/hmrc/merchandiseinbaggage/service/CalculationService.scala
2023.11.15 10:38:30 WARN  no build target for: /Users/michaelyau/HMRC/ddce_ls/mods-repos/merchandise-in-baggage/app/uk/gov/hmrc/merchandiseinbaggage/service/CalculationService.scala
2023.11.15 10:38:32 WARN  no build target for: /Users/michaelyau/HMRC/ddce_ls/mods-repos/merchandise-in-baggage/app/uk/gov/hmrc/merchandiseinbaggage/service/CalculationService.scala
2023.11.15 10:38:36 WARN  no build target for: /Users/michaelyau/HMRC/ddce_ls/mods-repos/merchandise-in-baggage/app/uk/gov/hmrc/merchandiseinbaggage/service/CalculationService.scala
2023.11.15 10:38:38 WARN  no build target for: /Users/michaelyau/HMRC/ddce_ls/mods-repos/merchandise-in-baggage/app/uk/gov/hmrc/merchandiseinbaggage/service/CalculationService.scala
2023.11.15 10:38:39 WARN  no build target for: /Users/michaelyau/HMRC/ddce_ls/mods-repos/merchandise-in-baggage/app/uk/gov/hmrc/merchandiseinbaggage/service/CalculationService.scala
2023.11.15 10:38:43 WARN  no build target for: /Users/michaelyau/HMRC/ddce_ls/mods-repos/merchandise-in-baggage/app/uk/gov/hmrc/merchandiseinbaggage/service/CalculationService.scala
2023.11.15 10:39:38 WARN  no build target for: /Users/michaelyau/HMRC/ddce_ls/mods-repos/merchandise-in-baggage/app/uk/gov/hmrc/merchandiseinbaggage/service/CalculationService.scala
2023.11.15 10:39:50 WARN  no build target for: /Users/michaelyau/HMRC/ddce_ls/mods-repos/merchandise-in-baggage/app/uk/gov/hmrc/merchandiseinbaggage/service/CalculationService.scala
2023.11.15 11:02:58 WARN  no build target for: /Users/michaelyau/HMRC/ddce_ls/mods-repos/merchandise-in-baggage/project/plugins.sbt
2023.11.15 11:02:58 WARN  no build target for: /Users/michaelyau/HMRC/ddce_ls/mods-repos/merchandise-in-baggage/build.sbt
2023.11.15 11:02:58 WARN  no build target for: /Users/michaelyau/HMRC/ddce_ls/mods-repos/merchandise-in-baggage/project/AppDependencies.scala
2023.11.15 11:03:01 INFO  running '/Library/Java/JavaVirtualMachines/adoptopenjdk-11.jdk/Contents/Home/bin/java -Djline.terminal=jline.UnsupportedTerminal -Dsbt.log.noformat=true -Dfile.encoding=UTF-8 -jar /var/folders/hn/ft44w3s10vqgv9pc1kk1z22m0000gp/T/metals1692006985260481285/sbt-launch.jar -Dbloop.export-jar-classifiers=sources bloopInstall'
2023.11.15 11:03:02 WARN  no build target for: /Users/michaelyau/HMRC/ddce_ls/mods-repos/merchandise-in-baggage/project/metals.sbt
2023.11.15 11:03:02 WARN  no build target for: /Users/michaelyau/HMRC/ddce_ls/mods-repos/merchandise-in-baggage/project/project/metals.sbt
2023.11.15 11:03:04 INFO  [info] welcome to sbt 1.8.3 (AdoptOpenJDK Java 11.0.11)
2023.11.15 11:03:06 INFO  [info] loading global plugins from /Users/michaelyau/.sbt/1.0/plugins
2023.11.15 11:03:15 INFO  [info] loading settings for project merchandise-in-baggage-build-build-build from metals.sbt ...
2023.11.15 11:03:15 INFO  [info] loading project definition from /Users/michaelyau/HMRC/ddce_ls/mods-repos/merchandise-in-baggage/project/project/project
2023.11.15 11:03:16 INFO  [info] loading settings for project merchandise-in-baggage-build-build from metals.sbt ...
2023.11.15 11:03:16 INFO  [info] loading project definition from /Users/michaelyau/HMRC/ddce_ls/mods-repos/merchandise-in-baggage/project/project
2023.11.15 11:03:18 INFO  [success] Generated .bloop/merchandise-in-baggage-build-build.json
2023.11.15 11:03:18 INFO  [success] Total time: 2 s, completed 15 Nov 2023, 11:03:18
2023.11.15 11:03:21 INFO  [info] loading settings for project merchandise-in-baggage-build from metals.sbt,plugins.sbt ...
2023.11.15 11:03:21 INFO  [info] loading project definition from /Users/michaelyau/HMRC/ddce_ls/mods-repos/merchandise-in-baggage/project
2023.11.15 11:03:24 INFO  [success] Generated .bloop/merchandise-in-baggage-build.json
2023.11.15 11:03:24 INFO  [info] compiling 1 Scala source to /Users/michaelyau/HMRC/ddce_ls/mods-repos/merchandise-in-baggage/project/target/scala-2.12/sbt-1.0/classes ...
2023.11.15 11:03:28 INFO  [info] done compiling
2023.11.15 11:03:28 INFO  [success] Total time: 8 s, completed 15 Nov 2023, 11:03:29
2023.11.15 11:03:32 INFO  [info] SbtAutoBuildPlugin - adding projectSettings
2023.11.15 11:03:32 INFO  [info] loading settings for project merchandise-in-baggage from build.sbt ...
2023.11.15 11:03:32 INFO  [info] SbtAutoBuildPlugin - adding global settings
2023.11.15 11:03:34 INFO  [info] SbtAutoBuildPlugin - repository is marked public. Licence headers will be added to all source files
2023.11.15 11:03:34 INFO  [info]   __              __
2023.11.15 11:03:34 INFO  [info]   \ \     ____   / /____ _ __  __
2023.11.15 11:03:34 INFO  [info]    \ \   / __ \ / // __ `// / / /
2023.11.15 11:03:34 INFO  [info]    / /  / /_/ // // /_/ // /_/ /
2023.11.15 11:03:34 INFO  [info]   /_/  / .___//_/ \__,_/ \__, /
2023.11.15 11:03:34 INFO  [info]       /_/               /____/
2023.11.15 11:03:34 INFO  [info] 
2023.11.15 11:03:34 INFO  [info] Version 2.8.20 running Java 11.0.11
2023.11.15 11:03:34 INFO  [info] 
2023.11.15 11:03:34 INFO  [info] Play is run entirely by the community. Please consider contributing and/or donating:
2023.11.15 11:03:34 INFO  [info] https://www.playframework.com/sponsors
2023.11.15 11:03:34 INFO  [info] 
2023.11.15 11:03:38 INFO  [info] Skipped test option 'Filter($34267ab3aee7463d734a$$$Lambda$8712/0x00000008023dd040@3806faae)' as it can only be used within sbt
2023.11.15 11:03:38 INFO  [success] Generated .bloop/merchandise-in-baggage.json
2023.11.15 11:03:39 INFO  [success] Generated .bloop/merchandise-in-baggage-test.json
2023.11.15 11:03:39 INFO  [success] Total time: 5 s, completed 15 Nov 2023, 11:03:39
2023.11.15 11:03:40 INFO  time: ran 'sbt bloopInstall' in 38s
2023.11.15 11:03:40 INFO  Attempting to connect to the build server...
2023.11.15 11:03:40 INFO  Bloop uses /Library/Java/JavaVirtualMachines/adoptopenjdk-11.jdk/Contents/Home defined at /Users/michaelyau/.bloop/bloop.json
2023.11.15 11:03:40 INFO  tracing is disabled for protocol BSP, to enable tracing of incoming and outgoing JSON messages create an empty file at /Users/michaelyau/HMRC/ddce_ls/mods-repos/merchandise-in-baggage/.metals/bsp.trace.json or /Users/michaelyau/Library/Caches/org.scalameta.metals/bsp.trace.json
2023.11.15 11:03:40 INFO  Attempting to connect to the build server...
2023.11.15 11:03:40 INFO  Bloop uses /Library/Java/JavaVirtualMachines/adoptopenjdk-11.jdk/Contents/Home defined at /Users/michaelyau/.bloop/bloop.json
2023.11.15 11:03:40 INFO  Attempting to connect to the build server...
2023.11.15 11:03:40 INFO  Bloop uses /Library/Java/JavaVirtualMachines/adoptopenjdk-11.jdk/Contents/Home defined at /Users/michaelyau/.bloop/bloop.json
2023.11.15 11:03:40 INFO  tracing is disabled for protocol BSP, to enable tracing of incoming and outgoing JSON messages create an empty file at /Users/michaelyau/HMRC/ddce_ls/mods-repos/merchandise-in-baggage/project/project/.metals/bsp.trace.json or /Users/michaelyau/Library/Caches/org.scalameta.metals/bsp.trace.json
2023.11.15 11:03:40 INFO  tracing is disabled for protocol BSP, to enable tracing of incoming and outgoing JSON messages create an empty file at /Users/michaelyau/HMRC/ddce_ls/mods-repos/merchandise-in-baggage/project/.metals/bsp.trace.json or /Users/michaelyau/Library/Caches/org.scalameta.metals/bsp.trace.json
2023.11.15 11:03:40 INFO  time: Connected to build server in 0.41s
2023.11.15 11:03:40 INFO  Connected to Build server: Bloop v1.5.11
2023.11.15 11:03:53 INFO  time: indexed workspace in 13s
2023.11.15 11:08:39 INFO  skipping build import with status 'Installed'
2023.11.15 11:08:39 INFO  compiling merchandise-in-baggage (80 scala sources and 3 java sources)
2023.11.15 11:08:49 INFO  compiling merchandise-in-baggage (80 scala sources and 3 java sources)
2023.11.15 11:08:54 WARN  Using indexes to guess the definition of OverThreshold
Nov 15, 2023 11:08:54 AM org.eclipse.lsp4j.jsonrpc.RemoteEndpoint handleCancellation
WARNING: Unmatched cancel notification for request id 1498
2023.11.15 11:08:54 WARN  Using indexes to guess the definition of WithinThreshold
2023.11.15 11:08:54 WARN  Using indexes to guess the definition of WithinThreshold
2023.11.15 11:08:56 WARN  Using indexes to guess the definition of value
2023.11.15 11:09:01 INFO  compiling merchandise-in-baggage-test (26 scala sources)
2023.11.15 11:09:01 INFO  time: compiled merchandise-in-baggage in 11s
2023.11.15 11:09:14 INFO  time: compiled merchandise-in-baggage-test in 12s
2023.11.15 11:12:29 INFO  compiling merchandise-in-baggage-build (1 scala source)
2023.11.15 11:12:32 INFO  skipping build import with status 'Dismissed'
2023.11.15 11:12:32 INFO  compiling merchandise-in-baggage-build (1 scala source)
2023.11.15 11:12:32 INFO  skipping build import with status 'Dismissed'
2023.11.15 11:12:33 WARN  Could not load snapshot text for /Users/michaelyau/HMRC/ddce_ls/mods-repos/merchandise-in-baggage/app/uk/gov/hmrc/merchandiseinbaggage/model/api/calculation/ThresholdCheck.scala
2023.11.15 11:12:40 INFO  time: compiled merchandise-in-baggage-build in 8.25s
2023.11.15 11:12:41 INFO  compiling merchandise-in-baggage (2 scala sources)
2023.11.15 11:12:43 INFO  time: compiled merchandise-in-baggage in 2.28s
2023.11.15 11:12:43 INFO  compiling merchandise-in-baggage (3 scala sources)
2023.11.15 11:12:44 INFO  time: compiled merchandise-in-baggage in 1.64s
2023.11.15 12:03:32 INFO  running '/Library/Java/JavaVirtualMachines/adoptopenjdk-11.jdk/Contents/Home/bin/java -Djline.terminal=jline.UnsupportedTerminal -Dsbt.log.noformat=true -Dfile.encoding=UTF-8 -jar /var/folders/hn/ft44w3s10vqgv9pc1kk1z22m0000gp/T/metals16981167568754909794/sbt-launch.jar -Dbloop.export-jar-classifiers=sources bloopInstall'
2023.11.15 12:03:35 INFO  [info] welcome to sbt 1.8.3 (AdoptOpenJDK Java 11.0.11)
2023.11.15 12:03:38 INFO  [info] loading global plugins from /Users/michaelyau/.sbt/1.0/plugins
2023.11.15 12:03:44 INFO  [info] loading settings for project merchandise-in-baggage-build-build-build from metals.sbt ...
2023.11.15 12:03:44 INFO  [info] loading project definition from /Users/michaelyau/HMRC/ddce_ls/mods-repos/merchandise-in-baggage/project/project/project
2023.11.15 12:03:44 INFO  [info] loading settings for project merchandise-in-baggage-build-build from metals.sbt ...
2023.11.15 12:03:44 INFO  [info] loading project definition from /Users/michaelyau/HMRC/ddce_ls/mods-repos/merchandise-in-baggage/project/project
2023.11.15 12:03:48 INFO  [success] Generated .bloop/merchandise-in-baggage-build-build.json
2023.11.15 12:03:48 INFO  [success] Total time: 3 s, completed 15 Nov 2023, 12:03:48
2023.11.15 12:03:48 INFO  [info] loading settings for project merchandise-in-baggage-build from metals.sbt,plugins.sbt ...
2023.11.15 12:03:48 INFO  [info] loading project definition from /Users/michaelyau/HMRC/ddce_ls/mods-repos/merchandise-in-baggage/project
2023.11.15 12:03:53 INFO  [success] Generated .bloop/merchandise-in-baggage-build.json
2023.11.15 12:03:54 INFO  [success] Total time: 6 s, completed 15 Nov 2023, 12:03:54
2023.11.15 12:03:56 INFO  [info] SbtAutoBuildPlugin - adding projectSettings
2023.11.15 12:03:56 INFO  [info] loading settings for project merchandise-in-baggage from build.sbt ...
2023.11.15 12:03:56 INFO  [info] SbtAutoBuildPlugin - adding global settings
2023.11.15 12:03:57 INFO  [info] SbtAutoBuildPlugin - repository is marked public. Licence headers will be added to all source files
2023.11.15 12:03:58 INFO  [info]   __              __
2023.11.15 12:03:58 INFO  [info]   \ \     ____   / /____ _ __  __
2023.11.15 12:03:58 INFO  [info]    \ \   / __ \ / // __ `// / / /
2023.11.15 12:03:58 INFO  [info]    / /  / /_/ // // /_/ // /_/ /
2023.11.15 12:03:58 INFO  [info]   /_/  / .___//_/ \__,_/ \__, /
2023.11.15 12:03:58 INFO  [info]       /_/               /____/
2023.11.15 12:03:58 INFO  [info] 
2023.11.15 12:03:58 INFO  [info] Version 2.8.20 running Java 11.0.11
2023.11.15 12:03:58 INFO  [info] 
2023.11.15 12:03:58 INFO  [info] Play is run entirely by the community. Please consider contributing and/or donating:
2023.11.15 12:03:58 INFO  [info] https://www.playframework.com/sponsors
2023.11.15 12:03:58 INFO  [info] 
2023.11.15 12:04:00 INFO  [info] Skipped test option 'Filter($34267ab3aee7463d734a$$$Lambda$6707/0x0000000801b94040@1182b661)' as it can only be used within sbt
2023.11.15 12:04:01 INFO  [success] Generated .bloop/merchandise-in-baggage.json
2023.11.15 12:04:01 INFO  [success] Generated .bloop/merchandise-in-baggage-test.json
2023.11.15 12:04:01 INFO  [success] Total time: 3 s, completed 15 Nov 2023, 12:04:02
2023.11.15 12:04:02 INFO  time: ran 'sbt bloopInstall' in 29s
2023.11.15 12:04:02 INFO  Disconnecting from Bloop session...
2023.11.15 12:04:02 INFO  Shut down connection with build server.
2023.11.15 12:04:02 INFO  Shut down connection with build server.
2023.11.15 12:04:02 INFO  Shut down connection with build server.
2023.11.15 12:04:02 INFO  Attempting to connect to the build server...
2023.11.15 12:04:02 INFO  Bloop uses /Library/Java/JavaVirtualMachines/adoptopenjdk-11.jdk/Contents/Home defined at /Users/michaelyau/.bloop/bloop.json
2023.11.15 12:04:02 INFO  tracing is disabled for protocol BSP, to enable tracing of incoming and outgoing JSON messages create an empty file at /Users/michaelyau/HMRC/ddce_ls/mods-repos/merchandise-in-baggage/.metals/bsp.trace.json or /Users/michaelyau/Library/Caches/org.scalameta.metals/bsp.trace.json
2023.11.15 12:04:02 INFO  Attempting to connect to the build server...
2023.11.15 12:04:02 INFO  Bloop uses /Library/Java/JavaVirtualMachines/adoptopenjdk-11.jdk/Contents/Home defined at /Users/michaelyau/.bloop/bloop.json
2023.11.15 12:04:02 INFO  Attempting to connect to the build server...
2023.11.15 12:04:02 INFO  Bloop uses /Library/Java/JavaVirtualMachines/adoptopenjdk-11.jdk/Contents/Home defined at /Users/michaelyau/.bloop/bloop.json
2023.11.15 12:04:02 INFO  tracing is disabled for protocol BSP, to enable tracing of incoming and outgoing JSON messages create an empty file at /Users/michaelyau/HMRC/ddce_ls/mods-repos/merchandise-in-baggage/project/project/.metals/bsp.trace.json or /Users/michaelyau/Library/Caches/org.scalameta.metals/bsp.trace.json
2023.11.15 12:04:02 INFO  tracing is disabled for protocol BSP, to enable tracing of incoming and outgoing JSON messages create an empty file at /Users/michaelyau/HMRC/ddce_ls/mods-repos/merchandise-in-baggage/project/.metals/bsp.trace.json or /Users/michaelyau/Library/Caches/org.scalameta.metals/bsp.trace.json
2023.11.15 12:04:02 INFO  time: Connected to build server in 0.17s
2023.11.15 12:04:02 INFO  Connected to Build server: Bloop v1.5.11
2023.11.15 12:04:02 INFO  time: Imported build in 0.1s
2023.11.15 12:04:07 INFO  time: indexed workspace in 4.99s
2023.11.15 12:30:40 INFO  Shutting down server
2023.11.15 12:30:40 INFO  shutting down Metals
2023.11.15 12:30:40 INFO  Shut down connection with build server.
2023.11.15 12:30:40 INFO  Shut down connection with build server.
2023.11.15 12:30:40 INFO  Shut down connection with build server.
2023.11.15 12:30:40 INFO  Exiting server
